This file contains any messages produced by compilers while
running configure, to aid debugging if configure makes a mistake.

It was created by AFEPack configure 1.8, which was
generated by GNU Autoconf 2.69.  Invocation command line was

  $ ./configure --no-create --no-recursion

## --------- ##
## Platform. ##
## --------- ##

hostname = mandrill
uname -m = x86_64
uname -r = 4.10.0-38-generic
uname -s = Linux
uname -v = #42~16.04.1-Ubuntu SMP Tue Oct 10 16:32:20 UTC 2017

/usr/bin/uname -p = unknown
/bin/uname -X     = unknown

/bin/arch              = unknown
/usr/bin/arch -k       = unknown
/usr/convex/getsysinfo = unknown
/usr/bin/hostinfo      = unknown
/bin/machine           = unknown
/usr/bin/oslevel       = unknown
/bin/universe          = unknown

PATH: /usr/local/sbin
PATH: /usr/local/bin
PATH: /usr/sbin
PATH: /usr/bin
PATH: /sbin
PATH: /bin
PATH: /snap/bin


## ----------- ##
## Core tests. ##
## ----------- ##

configure:2089: checking build system type
configure:2103: result: x86_64-unknown-linux-gnu
configure:2123: checking host system type
configure:2136: result: x86_64-unknown-linux-gnu
configure:2156: checking target system type
configure:2169: result: x86_64-unknown-linux-gnu
configure:2212: checking for a BSD-compatible install
configure:2280: result: /usr/bin/install -c
configure:2291: checking whether build environment is sane
configure:2346: result: yes
configure:2384: WARNING: 'missing' script is too old or missing
configure:2497: checking for a thread-safe mkdir -p
configure:2536: result: /bin/mkdir -p
configure:2543: checking for gawk
configure:2559: found /usr/bin/gawk
configure:2570: result: gawk
configure:2581: checking whether make sets $(MAKE)
configure:2603: result: yes
configure:2632: checking whether make supports nested variables
configure:2649: result: yes
configure:2828: checking for gcc
configure:2844: found /usr/bin/gcc
configure:2855: result: gcc
configure:3084: checking for C compiler version
configure:3093: gcc --version >&5
gcc (Ubuntu 5.4.0-6ubuntu1~16.04.5) 5.4.0 20160609
Copyright (C) 2015 Free Software Foundation, Inc.
This is free software; see the source for copying conditions.  There is NO
warranty; not even for MERCHANTABILITY or FITNESS FOR A PARTICULAR PURPOSE.

configure:3104: $? = 0
configure:3093: gcc -v >&5
Using built-in specs.
COLLECT_GCC=gcc
COLLECT_LTO_WRAPPER=/usr/lib/gcc/x86_64-linux-gnu/5/lto-wrapper
Target: x86_64-linux-gnu
Configured with: ../src/configure -v --with-pkgversion='Ubuntu 5.4.0-6ubuntu1~16.04.5' --with-bugurl=file:///usr/share/doc/gcc-5/README.Bugs --enable-languages=c,ada,c++,java,go,d,fortran,objc,obj-c++ --prefix=/usr --program-suffix=-5 --enable-shared --enable-linker-build-id --libexecdir=/usr/lib --without-included-gettext --enable-threads=posix --libdir=/usr/lib --enable-nls --with-sysroot=/ --enable-clocale=gnu --enable-libstdcxx-debug --enable-libstdcxx-time=yes --with-default-libstdcxx-abi=new --enable-gnu-unique-object --disable-vtable-verify --enable-libmpx --enable-plugin --with-system-zlib --disable-browser-plugin --enable-java-awt=gtk --enable-gtk-cairo --with-java-home=/usr/lib/jvm/java-1.5.0-gcj-5-amd64/jre --enable-java-home --with-jvm-root-dir=/usr/lib/jvm/java-1.5.0-gcj-5-amd64 --with-jvm-jar-dir=/usr/lib/jvm-exports/java-1.5.0-gcj-5-amd64 --with-arch-directory=amd64 --with-ecj-jar=/usr/share/java/eclipse-ecj.jar --enable-objc-gc --enable-multiarch --disable-werror --with-arch-32=i686 --with-abi=m64 --with-multilib-list=m32,m64,mx32 --enable-multilib --with-tune=generic --enable-checking=release --build=x86_64-linux-gnu --host=x86_64-linux-gnu --target=x86_64-linux-gnu
Thread model: posix
gcc version 5.4.0 20160609 (Ubuntu 5.4.0-6ubuntu1~16.04.5) 
configure:3104: $? = 0
configure:3093: gcc -V >&5
gcc: error: unrecognized command line option '-V'
gcc: fatal error: no input files
compilation terminated.
configure:3104: $? = 1
configure:3093: gcc -qversion >&5
gcc: error: unrecognized command line option '-qversion'
gcc: fatal error: no input files
compilation terminated.
configure:3104: $? = 1
configure:3124: checking whether the C compiler works
configure:3146: gcc    conftest.c  >&5
configure:3150: $? = 0
configure:3198: result: yes
configure:3201: checking for C compiler default output file name
configure:3203: result: a.out
configure:3209: checking for suffix of executables
configure:3216: gcc -o conftest    conftest.c  >&5
configure:3220: $? = 0
configure:3242: result: 
configure:3264: checking whether we are cross compiling
configure:3272: gcc -o conftest    conftest.c  >&5
configure:3276: $? = 0
configure:3283: ./conftest
configure:3287: $? = 0
configure:3302: result: no
configure:3307: checking for suffix of object files
configure:3329: gcc -c   conftest.c >&5
configure:3333: $? = 0
configure:3354: result: o
configure:3358: checking whether we are using the GNU C compiler
configure:3377: gcc -c   conftest.c >&5
configure:3377: $? = 0
configure:3386: result: yes
configure:3395: checking whether gcc accepts -g
configure:3415: gcc -c -g  conftest.c >&5
configure:3415: $? = 0
configure:3456: result: yes
configure:3473: checking for gcc option to accept ISO C89
configure:3536: gcc  -c -g -O2  conftest.c >&5
configure:3536: $? = 0
configure:3549: result: none needed
configure:3574: checking whether gcc understands -c and -o together
configure:3596: gcc -c conftest.c -o conftest2.o
configure:3599: $? = 0
configure:3596: gcc -c conftest.c -o conftest2.o
configure:3599: $? = 0
configure:3611: result: yes
configure:3639: checking for style of include used by make
configure:3667: result: GNU
configure:3693: checking dependency style of gcc
configure:3804: result: none
configure:3824: checking how to run the C preprocessor
configure:3855: gcc -E  conftest.c
configure:3855: $? = 0
configure:3869: gcc -E  conftest.c
conftest.c:11:28: fatal error: ac_nonexistent.h: No such file or directory
compilation terminated.
configure:3869: $? = 1
configure: failed program was:
| /* confdefs.h */
| #define PACKAGE_NAME "AFEPack"
| #define PACKAGE_TARNAME "afepack"
| #define PACKAGE_VERSION "1.8"
| #define PACKAGE_STRING "AFEPack 1.8"
| #define PACKAGE_BUGREPORT "rli@math.pku.edu.cn"
| #define PACKAGE_URL ""
| #define PACKAGE "AFEPack"
| #define VERSION "1.8"
| /* end confdefs.h.  */
| #include <ac_nonexistent.h>
configure:3894: result: gcc -E
configure:3914: gcc -E  conftest.c
configure:3914: $? = 0
configure:3928: gcc -E  conftest.c
conftest.c:11:28: fatal error: ac_nonexistent.h: No such file or directory
compilation terminated.
configure:3928: $? = 1
configure: failed program was:
| /* confdefs.h */
| #define PACKAGE_NAME "AFEPack"
| #define PACKAGE_TARNAME "afepack"
| #define PACKAGE_VERSION "1.8"
| #define PACKAGE_STRING "AFEPack 1.8"
| #define PACKAGE_BUGREPORT "rli@math.pku.edu.cn"
| #define PACKAGE_URL ""
| #define PACKAGE "AFEPack"
| #define VERSION "1.8"
| /* end confdefs.h.  */
| #include <ac_nonexistent.h>
configure:4014: checking for g++
configure:4030: found /usr/bin/g++
configure:4041: result: g++
configure:4068: checking for C++ compiler version
configure:4077: g++ --version >&5
g++ (Ubuntu 5.4.0-6ubuntu1~16.04.5) 5.4.0 20160609
Copyright (C) 2015 Free Software Foundation, Inc.
This is free software; see the source for copying conditions.  There is NO
warranty; not even for MERCHANTABILITY or FITNESS FOR A PARTICULAR PURPOSE.

configure:4088: $? = 0
configure:4077: g++ -v >&5
Using built-in specs.
COLLECT_GCC=g++
COLLECT_LTO_WRAPPER=/usr/lib/gcc/x86_64-linux-gnu/5/lto-wrapper
Target: x86_64-linux-gnu
Configured with: ../src/configure -v --with-pkgversion='Ubuntu 5.4.0-6ubuntu1~16.04.5' --with-bugurl=file:///usr/share/doc/gcc-5/README.Bugs --enable-languages=c,ada,c++,java,go,d,fortran,objc,obj-c++ --prefix=/usr --program-suffix=-5 --enable-shared --enable-linker-build-id --libexecdir=/usr/lib --without-included-gettext --enable-threads=posix --libdir=/usr/lib --enable-nls --with-sysroot=/ --enable-clocale=gnu --enable-libstdcxx-debug --enable-libstdcxx-time=yes --with-default-libstdcxx-abi=new --enable-gnu-unique-object --disable-vtable-verify --enable-libmpx --enable-plugin --with-system-zlib --disable-browser-plugin --enable-java-awt=gtk --enable-gtk-cairo --with-java-home=/usr/lib/jvm/java-1.5.0-gcj-5-amd64/jre --enable-java-home --with-jvm-root-dir=/usr/lib/jvm/java-1.5.0-gcj-5-amd64 --with-jvm-jar-dir=/usr/lib/jvm-exports/java-1.5.0-gcj-5-amd64 --with-arch-directory=amd64 --with-ecj-jar=/usr/share/java/eclipse-ecj.jar --enable-objc-gc --enable-multiarch --disable-werror --with-arch-32=i686 --with-abi=m64 --with-multilib-list=m32,m64,mx32 --enable-multilib --with-tune=generic --enable-checking=release --build=x86_64-linux-gnu --host=x86_64-linux-gnu --target=x86_64-linux-gnu
Thread model: posix
gcc version 5.4.0 20160609 (Ubuntu 5.4.0-6ubuntu1~16.04.5) 
configure:4088: $? = 0
configure:4077: g++ -V >&5
g++: error: unrecognized command line option '-V'
g++: fatal error: no input files
compilation terminated.
configure:4088: $? = 1
configure:4077: g++ -qversion >&5
g++: error: unrecognized command line option '-qversion'
g++: fatal error: no input files
compilation terminated.
configure:4088: $? = 1
configure:4092: checking whether we are using the GNU C++ compiler
configure:4111: g++ -c   conftest.cpp >&5
configure:4111: $? = 0
configure:4120: result: yes
configure:4129: checking whether g++ accepts -g
configure:4149: g++ -c -g  conftest.cpp >&5
configure:4149: $? = 0
configure:4190: result: yes
configure:4215: checking dependency style of g++
configure:4326: result: none
configure:4341: checking whether ln -s works
configure:4345: result: yes
configure:4395: checking for ar
configure:4411: found /usr/bin/ar
configure:4422: result: ar
configure:4487: checking for doxygen
configure:4503: found /usr/bin/doxygen
configure:4514: result: doxygen
configure:4579: checking for perl
configure:4595: found /usr/bin/perl
configure:4606: result: perl
configure:4671: checking for sed
configure:4687: found /bin/sed
configure:4698: result: sed
configure:4724: checking for gmake
configure:4754: result: no
configure:4724: checking for make
configure:4740: found /usr/bin/make
configure:4751: result: make
configure:4781: checking if optimize support was requested
configure:4784: result: yes
configure:4801: checking how to run the C++ preprocessor
configure:4828: g++ -E  -g -std=c++0x -I/usr/include/deal.II -I/usr/local/dealii-8.1.0-mpi/include/deal.II/ -I/usr/local/dealii-8.1.0-mpi/include/ -I/usr/include/mpi -I/usr/include/trilinos/ conftest.cpp
configure:4828: $? = 0
configure:4842: g++ -E  -g -std=c++0x -I/usr/include/deal.II -I/usr/local/dealii-8.1.0-mpi/include/deal.II/ -I/usr/local/dealii-8.1.0-mpi/include/ -I/usr/include/mpi -I/usr/include/trilinos/ conftest.cpp
conftest.cpp:11:28: fatal error: ac_nonexistent.h: No such file or directory
compilation terminated.
configure:4842: $? = 1
configure: failed program was:
| /* confdefs.h */
| #define PACKAGE_NAME "AFEPack"
| #define PACKAGE_TARNAME "afepack"
| #define PACKAGE_VERSION "1.8"
| #define PACKAGE_STRING "AFEPack 1.8"
| #define PACKAGE_BUGREPORT "rli@math.pku.edu.cn"
| #define PACKAGE_URL ""
| #define PACKAGE "AFEPack"
| #define VERSION "1.8"
| /* end confdefs.h.  */
| #include <ac_nonexistent.h>
configure:4867: result: g++ -E
configure:4887: g++ -E  -g -std=c++0x -I/usr/include/deal.II -I/usr/local/dealii-8.1.0-mpi/include/deal.II/ -I/usr/local/dealii-8.1.0-mpi/include/ -I/usr/include/mpi -I/usr/include/trilinos/ conftest.cpp
configure:4887: $? = 0
configure:4901: g++ -E  -g -std=c++0x -I/usr/include/deal.II -I/usr/local/dealii-8.1.0-mpi/include/deal.II/ -I/usr/local/dealii-8.1.0-mpi/include/ -I/usr/include/mpi -I/usr/include/trilinos/ conftest.cpp
conftest.cpp:11:28: fatal error: ac_nonexistent.h: No such file or directory
compilation terminated.
configure:4901: $? = 1
configure: failed program was:
| /* confdefs.h */
| #define PACKAGE_NAME "AFEPack"
| #define PACKAGE_TARNAME "afepack"
| #define PACKAGE_VERSION "1.8"
| #define PACKAGE_STRING "AFEPack 1.8"
| #define PACKAGE_BUGREPORT "rli@math.pku.edu.cn"
| #define PACKAGE_URL ""
| #define PACKAGE "AFEPack"
| #define VERSION "1.8"
| /* end confdefs.h.  */
| #include <ac_nonexistent.h>
configure:4934: g++ -E  -g -std=c++0x -I/usr/include/deal.II -I/usr/local/dealii-8.1.0-mpi/include/deal.II/ -I/usr/local/dealii-8.1.0-mpi/include/ -I/usr/include/mpi -I/usr/include/trilinos/ conftest.cpp
configure:4934: $? = 0
configure:4940: checking for dlfcn.h
configure:4943: result: yes
configure:4956: g++ -E  -g -std=c++0x -I/usr/include/deal.II -I/usr/local/dealii-8.1.0-mpi/include/deal.II/ -I/usr/local/dealii-8.1.0-mpi/include/ -I/usr/include/mpi -I/usr/include/trilinos/ conftest.cpp
configure:4956: $? = 0
configure:4962: checking for deal.II header files
configure:4965: result: yes
configure:4981: checking if shared support was requested
configure:4984: result: yes
configure:5002: checking if thread support was requested
configure:5005: result: yes
configure:5033: g++ -o conftest -O3  -g -std=c++0x  -I/usr/include/deal.II -I/usr/local/dealii-8.1.0-mpi/include/deal.II/ -I/usr/local/dealii-8.1.0-mpi/include/ -I/usr/include/mpi -I/usr/include/trilinos/ -fPIC -D__SERIALIZATION__ -DMULTITHREAD -pthread -ftemplate-depth-128 -I/usr/local/AFEPack.bak/library/include  -g -std=c++0x -I/usr/include/deal.II -I/usr/local/dealii-8.1.0-mpi/include/deal.II/ -I/usr/local/dealii-8.1.0-mpi/include/ -I/usr/include/mpi -I/usr/include/trilinos/  conftest.cpp  -L/usr/local/dealii-8.1.0-mpi/lib -lmpi -lmpi_cxx -lm -pthread -ldl >&5
configure:5033: $? = 0
configure:5040: checking for library -ldl
configure:5043: result: yes
configure:5064: g++ -o conftest -O3  -g -std=c++0x  -I/usr/include/deal.II -I/usr/local/dealii-8.1.0-mpi/include/deal.II/ -I/usr/local/dealii-8.1.0-mpi/include/ -I/usr/include/mpi -I/usr/include/trilinos/ -fPIC -D__SERIALIZATION__ -DMULTITHREAD -pthread -ftemplate-depth-128 -I/usr/local/AFEPack.bak/library/include  -g -std=c++0x -I/usr/include/deal.II -I/usr/local/dealii-8.1.0-mpi/include/deal.II/ -I/usr/local/dealii-8.1.0-mpi/include/ -I/usr/include/mpi -I/usr/include/trilinos/  conftest.cpp -ldeal_II  -L/usr/local/dealii-8.1.0-mpi/lib -lmpi -lmpi_cxx -lm -pthread -ldl >&5
conftest.cpp: In function 'int main()':
conftest.cpp:16:1: error: 'deal_II_library' was not declared in this scope
 deal_II_library=yes
 ^
conftest.cpp:16:17: error: 'yes' was not declared in this scope
 deal_II_library=yes
                 ^
configure:5064: $? = 1
configure: failed program was:
| /* confdefs.h */
| #define PACKAGE_NAME "AFEPack"
| #define PACKAGE_TARNAME "afepack"
| #define PACKAGE_VERSION "1.8"
| #define PACKAGE_STRING "AFEPack 1.8"
| #define PACKAGE_BUGREPORT "rli@math.pku.edu.cn"
| #define PACKAGE_URL ""
| #define PACKAGE "AFEPack"
| #define VERSION "1.8"
| /* end confdefs.h.  */
| #include <base/exceptions.h>
|   #include <lac/vector.h>
| int
| main ()
| {
| deal_II_library=yes
|   ;
|   return 0;
| }
configure:5069: checking for deal.II library
configure:5072: result: yes
configure:5080: checking for grep that handles long lines and -e
configure:5138: result: /bin/grep
configure:5143: checking for egrep
configure:5205: result: /bin/grep -E
configure:5210: checking for ANSI C header files
configure:5230: g++ -c -O3  -g -std=c++0x  -I/usr/include/deal.II -I/usr/local/dealii-8.1.0-mpi/include/deal.II/ -I/usr/local/dealii-8.1.0-mpi/include/ -I/usr/include/mpi -I/usr/include/trilinos/ -fPIC -D__SERIALIZATION__ -DMULTITHREAD -pthread -ftemplate-depth-128 -I/usr/local/AFEPack.bak/library/include  -g -std=c++0x -I/usr/include/deal.II -I/usr/local/dealii-8.1.0-mpi/include/deal.II/ -I/usr/local/dealii-8.1.0-mpi/include/ -I/usr/include/mpi -I/usr/include/trilinos/ conftest.cpp >&5
configure:5230: $? = 0
configure:5303: g++ -o conftest -O3  -g -std=c++0x  -I/usr/include/deal.II -I/usr/local/dealii-8.1.0-mpi/include/deal.II/ -I/usr/local/dealii-8.1.0-mpi/include/ -I/usr/include/mpi -I/usr/include/trilinos/ -fPIC -D__SERIALIZATION__ -DMULTITHREAD -pthread -ftemplate-depth-128 -I/usr/local/AFEPack.bak/library/include  -g -std=c++0x -I/usr/include/deal.II -I/usr/local/dealii-8.1.0-mpi/include/deal.II/ -I/usr/local/dealii-8.1.0-mpi/include/ -I/usr/include/mpi -I/usr/include/trilinos/  conftest.cpp -ldeal_II  -L/usr/local/dealii-8.1.0-mpi/lib -lmpi -lmpi_cxx -lm -pthread -ldl >&5
configure:5303: $? = 0
configure:5303: ./conftest
configure:5303: $? = 0
configure:5314: result: yes
configure:5433: checking that generated files are newer than configure
configure:5439: result: done
configure:5466: creating ./config.status

## ---------------- ##
## Cache variables. ##
## ---------------- ##

ac_cv_build=x86_64-unknown-linux-gnu
ac_cv_c_compiler_gnu=yes
ac_cv_cxx_compiler_gnu=yes
ac_cv_env_CCC_set=
ac_cv_env_CCC_value=
ac_cv_env_CC_set=
ac_cv_env_CC_value=
ac_cv_env_CFLAGS_set=
ac_cv_env_CFLAGS_value=
ac_cv_env_CPPFLAGS_set=
ac_cv_env_CPPFLAGS_value=
ac_cv_env_CPP_set=
ac_cv_env_CPP_value=
ac_cv_env_CXXCPP_set=
ac_cv_env_CXXCPP_value=
ac_cv_env_CXXFLAGS_set=
ac_cv_env_CXXFLAGS_value=
ac_cv_env_CXX_set=
ac_cv_env_CXX_value=
ac_cv_env_LDFLAGS_set=
ac_cv_env_LDFLAGS_value=
ac_cv_env_LIBS_set=
ac_cv_env_LIBS_value=
ac_cv_env_build_alias_set=
ac_cv_env_build_alias_value=
ac_cv_env_host_alias_set=
ac_cv_env_host_alias_value=
ac_cv_env_target_alias_set=
ac_cv_env_target_alias_value=
ac_cv_header_stdc=yes
ac_cv_host=x86_64-unknown-linux-gnu
ac_cv_objext=o
ac_cv_path_EGREP='/bin/grep -E'
ac_cv_path_GREP=/bin/grep
ac_cv_path_install='/usr/bin/install -c'
ac_cv_path_mkdir=/bin/mkdir
ac_cv_prog_AWK=gawk
ac_cv_prog_CPP='gcc -E'
ac_cv_prog_CXXCPP='g++ -E'
ac_cv_prog_MAKE=make
ac_cv_prog_ac_ct_AR=ar
ac_cv_prog_ac_ct_CC=gcc
ac_cv_prog_ac_ct_CXX=g++
ac_cv_prog_ac_ct_DOCGEN=doxygen
ac_cv_prog_ac_ct_PERL=perl
ac_cv_prog_ac_ct_SED=sed
ac_cv_prog_cc_c89=
ac_cv_prog_cc_g=yes
ac_cv_prog_cxx_g=yes
ac_cv_prog_make_make_set=yes
ac_cv_target=x86_64-unknown-linux-gnu
am_cv_CC_dependencies_compiler_type=none
am_cv_CXX_dependencies_compiler_type=none
am_cv_make_support_nested_variables=yes
am_cv_prog_cc_c_o=yes

## ----------------- ##
## Output variables. ##
## ----------------- ##

ACLOCAL='aclocal-1.15'
AFEPACK_PATH='/usr/local/AFEPack.bak'
AMDEPBACKSLASH='\'
AMDEP_FALSE='#'
AMDEP_TRUE=''
AMTAR='$${TAR-tar}'
AM_BACKSLASH='\'
AM_DEFAULT_V='$(AM_DEFAULT_VERBOSITY)'
AM_DEFAULT_VERBOSITY='1'
AM_V='$(V)'
AR='ar'
AUTOCONF='autoconf'
AUTOHEADER='autoheader'
AUTOMAKE='automake-1.15'
AWK='gawk'
CC='gcc'
CCDEPMODE='depmode=none'
CFLAGS='-O3  -g -I/usr/include/deal.II -I/usr/local/dealii-8.1.0-mpi/include/deal.II/ -I/usr/local/dealii-8.1.0-mpi/include/ -I/usr/include/mpi -I/usr/include/trilinos/ -fPIC -D__SERIALIZATION__ -DMULTITHREAD -pthread -I/usr/local/AFEPack.bak/library/include'
CPP='gcc -E'
CPPFLAGS=' -g -std=c++0x -I/usr/include/deal.II -I/usr/local/dealii-8.1.0-mpi/include/deal.II/ -I/usr/local/dealii-8.1.0-mpi/include/ -I/usr/include/mpi -I/usr/include/trilinos/'
CXX='g++'
CXXCPP='g++ -E'
CXXDEPMODE='depmode=none'
CXXFLAGS='-O3  -g -std=c++0x  -I/usr/include/deal.II -I/usr/local/dealii-8.1.0-mpi/include/deal.II/ -I/usr/local/dealii-8.1.0-mpi/include/ -I/usr/include/mpi -I/usr/include/trilinos/ -fPIC -D__SERIALIZATION__ -DMULTITHREAD -pthread -ftemplate-depth-128 -I/usr/local/AFEPack.bak/library/include'
CYGPATH_W='echo'
DEFS='-DHAVE_CONFIG_H'
DEPDIR='.deps'
DOCGEN='doxygen'
ECHO_C=''
ECHO_N='-n'
ECHO_T=''
EGREP='/bin/grep -E'
EXEEXT=''
GREP='/bin/grep'
INSTALL_DATA='${INSTALL} -m 644'
INSTALL_PROGRAM='${INSTALL}'
INSTALL_SCRIPT='${INSTALL}'
INSTALL_STRIP_PROGRAM='$(install_sh) -c -s'
LDFLAGS=''
LIBOBJS=''
LIBS='-ldeal_II  -L/usr/local/dealii-8.1.0-mpi/lib -lmpi -lmpi_cxx -lm -pthread -ldl'
LN_S='ln -s'
LTLIBOBJS=''
MAKE='make'
MAKEINFO='makeinfo'
MKDIR_P='/bin/mkdir -p'
OBJEXT='o'
PACKAGE='AFEPack'
PACKAGE_BUGREPORT='rli@math.pku.edu.cn'
PACKAGE_NAME='AFEPack'
PACKAGE_STRING='AFEPack 1.8'
PACKAGE_TARNAME='afepack'
PACKAGE_URL=''
PACKAGE_VERSION='1.8'
PATH_SEPARATOR=':'
PERL='perl'
SED='sed'
SET_MAKE=''
SHELL='/bin/bash'
STRIP=''
VERSION='1.8'
ac_ct_CC='gcc'
ac_ct_CXX='g++'
am__EXEEXT_FALSE=''
am__EXEEXT_TRUE='#'
am__fastdepCC_FALSE=''
am__fastdepCC_TRUE='#'
am__fastdepCXX_FALSE=''
am__fastdepCXX_TRUE='#'
am__include='include'
am__isrc=''
am__leading_dot='.'
am__nodep='_no'
am__quote=''
am__tar='$${TAR-tar} chof - "$$tardir"'
am__untar='$${TAR-tar} xf -'
bindir='${exec_prefix}/bin'
build='x86_64-unknown-linux-gnu'
build_alias=''
build_cpu='x86_64'
build_os='linux-gnu'
build_vendor='unknown'
datadir='${datarootdir}'
datarootdir='${prefix}/share'
docdir='${datarootdir}/doc/${PACKAGE_TARNAME}'
dvidir='${docdir}'
enable_shared='yes'
enable_threadd=''
exec_prefix='${prefix}'
host='x86_64-unknown-linux-gnu'
host_alias=''
host_cpu='x86_64'
host_os='linux-gnu'
host_vendor='unknown'
htmldir='${docdir}'
includedir='${prefix}/include'
infodir='${datarootdir}/info'
install_sh='${SHELL} /usr/local/AFEPack.bak/install-sh'
libdir='${exec_prefix}/lib'
libexecdir='${exec_prefix}/libexec'
localedir='${datarootdir}/locale'
localstatedir='${prefix}/var'
mandir='${datarootdir}/man'
mkdir_p='$(MKDIR_P)'
oldincludedir='/usr/include'
pdfdir='${docdir}'
prefix='/usr/local'
program_transform_name='s,x,x,'
psdir='${docdir}'
runstatedir='${localstatedir}/run'
sbindir='${exec_prefix}/sbin'
sharedstatedir='${prefix}/com'
sysconfdir='${prefix}/etc'
target='x86_64-unknown-linux-gnu'
target_alias=''
target_cpu='x86_64'
target_os='linux-gnu'
target_vendor='unknown'

## ----------- ##
## confdefs.h. ##
## ----------- ##

/* confdefs.h */
#define PACKAGE_NAME "AFEPack"
#define PACKAGE_TARNAME "afepack"
#define PACKAGE_VERSION "1.8"
#define PACKAGE_STRING "AFEPack 1.8"
#define PACKAGE_BUGREPORT "rli@math.pku.edu.cn"
#define PACKAGE_URL ""
#define PACKAGE "AFEPack"
#define VERSION "1.8"
#define STDC_HEADERS 1

configure: exit 0

## ---------------------- ##
## Running config.status. ##
## ---------------------- ##

This file was extended by AFEPack config.status 1.8, which was
generated by GNU Autoconf 2.69.  Invocation command line was

  CONFIG_FILES    = 
  CONFIG_HEADERS  = 
  CONFIG_LINKS    = 
  CONFIG_COMMANDS = 
  $ ./config.status 

on mandrill

config.status:879: creating Makefile
config.status:879: creating template/Makefile
config.status:879: creating example/Makefile
config.status:879: creating example/local_refine/Makefile
config.status:879: creating Make.global_options
config.status:987: WARNING:  'Make.global_options.in' seems to ignore the --datarootdir setting
config.status:879: creating config.h
config.status:1060: config.h is unchanged
config.status:1108: executing depfiles commands
